1 13000
not existed
finish reading
job.sh: 行 6: 25361 段错误               (吐核)./main2 ../../../GData/mix_16.txt $i 45
job.sh:行19: ./result/13000_cosine_sort: 没有那个文件或目录
rm: 无法删除"./result/13000_cosine": 没有那个文件或目录
1 12994
not existed
finish reading
job.sh: 行 6: 25373 段错误               (吐核)./main2 ../../../GData/mix_16.txt $i 45
job.sh:行19: ./result/12994_cosine_sort: 没有那个文件或目录
rm: 无法删除"./result/12994_cosine": 没有那个文件或目录
1 12987
not existed
finish reading
job.sh: 行 6: 25389 段错误               (吐核)./main2 ../../../GData/mix_16.txt $i 45
job.sh:行19: ./result/12987_cosine_sort: 没有那个文件或目录
rm: 无法删除"./result/12987_cosine": 没有那个文件或目录
1 12986
not existed
finish reading
job.sh: 行 6: 25405 段错误               (吐核)./main2 ../../../GData/mix_16.txt $i 45
job.sh:行19: ./result/12986_cosine_sort: 没有那个文件或目录
rm: 无法删除"./result/12986_cosine": 没有那个文件或目录
1 12984
not existed
finish reading
job.sh: 行 6: 25422 段错误               (吐核)./main2 ../../../GData/mix_16.txt $i 45
job.sh:行19: ./result/12984_cosine_sort: 没有那个文件或目录
rm: 无法删除"./result/12984_cosine": 没有那个文件或目录
1 12948
not existed
finish reading
job.sh: 行 6: 25434 段错误               (吐核)./main2 ../../../GData/mix_16.txt $i 45
job.sh:行19: ./result/12948_cosine_sort: 没有那个文件或目录
rm: 无法删除"./result/12948_cosine": 没有那个文件或目录
1 12940
not existed
finish reading
job.sh: 行 6: 25449 段错误               (吐核)./main2 ../../../GData/mix_16.txt $i 45
job.sh:行19: ./result/12940_cosine_sort: 没有那个文件或目录
rm: 无法删除"./result/12940_cosine": 没有那个文件或目录
1 12939
not existed
finish reading
job.sh: 行 6: 25465 段错误               (吐核)./main2 ../../../GData/mix_16.txt $i 45
job.sh:行19: ./result/12939_cosine_sort: 没有那个文件或目录
rm: 无法删除"./result/12939_cosine": 没有那个文件或目录
1 12927
not existed
finish reading
job.sh: 行 6: 25480 段错误               (吐核)./main2 ../../../GData/mix_16.txt $i 45
job.sh:行19: ./result/12927_cosine_sort: 没有那个文件或目录
rm: 无法删除"./result/12927_cosine": 没有那个文件或目录
1 12872
not existed
finish reading
job.sh: 行 6: 25496 段错误               (吐核)./main2 ../../../GData/mix_16.txt $i 45
job.sh:行19: ./result/12872_cosine_sort: 没有那个文件或目录
rm: 无法删除"./result/12872_cosine": 没有那个文件或目录
1 12871
not existed
finish reading
job.sh: 行 6: 25503 段错误               (吐核)./main2 ../../../GData/mix_16.txt $i 45
job.sh:行19: ./result/12871_cosine_sort: 没有那个文件或目录
rm: 无法删除"./result/12871_cosine": 没有那个文件或目录
1 12870
not existed
finish reading
job.sh: 行 6: 25520 段错误               (吐核)./main2 ../../../GData/mix_16.txt $i 45
job.sh:行19: ./result/12870_cosine_sort: 没有那个文件或目录
rm: 无法删除"./result/12870_cosine": 没有那个文件或目录
1 12804
not existed
finish reading
job.sh: 行 6: 25536 段错误               (吐核)./main2 ../../../GData/mix_16.txt $i 45
job.sh:行19: ./result/12804_cosine_sort: 没有那个文件或目录
rm: 无法删除"./result/12804_cosine": 没有那个文件或目录
1 11532
not existed
finish reading
job.sh: 行 6: 25551 段错误               (吐核)./main2 ../../../GData/mix_16.txt $i 45
job.sh:行19: ./result/11532_cosine_sort: 没有那个文件或目录
rm: 无法删除"./result/11532_cosine": 没有那个文件或目录
1 10740
not existed
finish reading
job.sh: 行 6: 25559 段错误               (吐核)./main2 ../../../GData/mix_16.txt $i 45
job.sh:行19: ./result/10740_cosine_sort: 没有那个文件或目录
rm: 无法删除"./result/10740_cosine": 没有那个文件或目录
1 9849
not existed
finish reading
job.sh: 行 6: 25575 段错误               (吐核)./main2 ../../../GData/mix_16.txt $i 45
job.sh:行19: ./result/9849_cosine_sort: 没有那个文件或目录
rm: 无法删除"./result/9849_cosine": 没有那个文件或目录
1 9848
not existed
finish reading
job.sh: 行 6: 25591 段错误               (吐核)./main2 ../../../GData/mix_16.txt $i 45
job.sh:行19: ./result/9848_cosine_sort: 没有那个文件或目录
rm: 无法删除"./result/9848_cosine": 没有那个文件或目录
1 9842
not existed
finish reading
job.sh: 行 6: 25606 段错误               (吐核)./main2 ../../../GData/mix_16.txt $i 45
job.sh:行19: ./result/9842_cosine_sort: 没有那个文件或目录
rm: 无法删除"./result/9842_cosine": 没有那个文件或目录
1 9841
not existed
finish reading
job.sh: 行 6: 25627 段错误               (吐核)./main2 ../../../GData/mix_16.txt $i 45
job.sh:行19: ./result/9841_cosine_sort: 没有那个文件或目录
rm: 无法删除"./result/9841_cosine": 没有那个文件或目录
1 9840
not existed
finish reading
job.sh: 行 6: 25635 段错误               (吐核)./main2 ../../../GData/mix_16.txt $i 45
job.sh:行19: ./result/9840_cosine_sort: 没有那个文件或目录
rm: 无法删除"./result/9840_cosine": 没有那个文件或目录
1 9839
not existed
finish reading
job.sh: 行 6: 25651 段错误               (吐核)./main2 ../../../GData/mix_16.txt $i 45
job.sh:行19: ./result/9839_cosine_sort: 没有那个文件或目录
rm: 无法删除"./result/9839_cosine": 没有那个文件或目录
1 9838
not existed
finish reading
job.sh: 行 6: 25666 段错误               (吐核)./main2 ../../../GData/mix_16.txt $i 45
job.sh:行19: ./result/9838_cosine_sort: 没有那个文件或目录
rm: 无法删除"./result/9838_cosine": 没有那个文件或目录
1 9629
not existed
finish reading
job.sh: 行 6: 25682 段错误               (吐核)./main2 ../../../GData/mix_16.txt $i 45
job.sh:行19: ./result/9629_cosine_sort: 没有那个文件或目录
rm: 无法删除"./result/9629_cosine": 没有那个文件或目录
1 9628
not existed
finish reading
job.sh: 行 6: 25690 段错误               (吐核)./main2 ../../../GData/mix_16.txt $i 45
job.sh:行19: ./result/9628_cosine_sort: 没有那个文件或目录
rm: 无法删除"./result/9628_cosine": 没有那个文件或目录
1 9619
not existed
finish reading
job.sh: 行 6: 25707 段错误               (吐核)./main2 ../../../GData/mix_16.txt $i 45
job.sh:行19: ./result/9619_cosine_sort: 没有那个文件或目录
rm: 无法删除"./result/9619_cosine": 没有那个文件或目录
1 9613
not existed
finish reading
job.sh: 行 6: 25722 段错误               (吐核)./main2 ../../../GData/mix_16.txt $i 45
job.sh:行19: ./result/9613_cosine_sort: 没有那个文件或目录
rm: 无法删除"./result/9613_cosine": 没有那个文件或目录
1 9603
not existed
finish reading
job.sh: 行 6: 25738 段错误               (吐核)./main2 ../../../GData/mix_16.txt $i 45
job.sh:行19: ./result/9603_cosine_sort: 没有那个文件或目录
rm: 无法删除"./result/9603_cosine": 没有那个文件或目录
1 9602
not existed
finish reading
job.sh: 行 6: 25754 段错误               (吐核)./main2 ../../../GData/mix_16.txt $i 45
job.sh:行19: ./result/9602_cosine_sort: 没有那个文件或目录
rm: 无法删除"./result/9602_cosine": 没有那个文件或目录
1 9595
not existed
finish reading
job.sh: 行 6: 25762 段错误               (吐核)./main2 ../../../GData/mix_16.txt $i 45
job.sh:行19: ./result/9595_cosine_sort: 没有那个文件或目录
rm: 无法删除"./result/9595_cosine": 没有那个文件或目录
1 9573
not existed
finish reading
job.sh: 行 6: 25777 段错误               (吐核)./main2 ../../../GData/mix_16.txt $i 45
job.sh:行19: ./result/9573_cosine_sort: 没有那个文件或目录
rm: 无法删除"./result/9573_cosine": 没有那个文件或目录
1 9571
not existed
finish reading
job.sh: 行 6: 25793 段错误               (吐核)./main2 ../../../GData/mix_16.txt $i 45
job.sh:行19: ./result/9571_cosine_sort: 没有那个文件或目录
rm: 无法删除"./result/9571_cosine": 没有那个文件或目录
1 9570
not existed
finish reading
job.sh: 行 6: 25814 段错误               (吐核)./main2 ../../../GData/mix_16.txt $i 45
job.sh:行19: ./result/9570_cosine_sort: 没有那个文件或目录
rm: 无法删除"./result/9570_cosine": 没有那个文件或目录
1 9304
not existed
finish reading
job.sh: 行 6: 25822 段错误               (吐核)./main2 ../../../GData/mix_16.txt $i 45
job.sh:行19: ./result/9304_cosine_sort: 没有那个文件或目录
rm: 无法删除"./result/9304_cosine": 没有那个文件或目录
1 9273
not existed
finish reading
job.sh: 行 6: 25837 段错误               (吐核)./main2 ../../../GData/mix_16.txt $i 45
job.sh:行19: ./result/9273_cosine_sort: 没有那个文件或目录
rm: 无法删除"./result/9273_cosine": 没有那个文件或目录
1 9131
not existed
finish reading
job.sh: 行 6: 25852 段错误               (吐核)./main2 ../../../GData/mix_16.txt $i 45
job.sh:行19: ./result/9131_cosine_sort: 没有那个文件或目录
rm: 无法删除"./result/9131_cosine": 没有那个文件或目录
1 6515
not existed
finish reading
job.sh: 行 6: 25868 段错误               (吐核)./main2 ../../../GData/mix_16.txt $i 45
job.sh:行19: ./result/6515_cosine_sort: 没有那个文件或目录
rm: 无法删除"./result/6515_cosine": 没有那个文件或目录
1 6443
not existed
finish reading
job.sh: 行 6: 25884 段错误               (吐核)./main2 ../../../GData/mix_16.txt $i 45
job.sh:行19: ./result/6443_cosine_sort: 没有那个文件或目录
rm: 无法删除"./result/6443_cosine": 没有那个文件或目录
1 6391
not existed
finish reading
job.sh: 行 6: 25891 段错误               (吐核)./main2 ../../../GData/mix_16.txt $i 45
job.sh:行19: ./result/6391_cosine_sort: 没有那个文件或目录
rm: 无法删除"./result/6391_cosine": 没有那个文件或目录
1 6385
not existed
finish reading
job.sh: 行 6: 25908 段错误               (吐核)./main2 ../../../GData/mix_16.txt $i 45
job.sh:行19: ./result/6385_cosine_sort: 没有那个文件或目录
rm: 无法删除"./result/6385_cosine": 没有那个文件或目录
1 6333
not existed
finish reading
job.sh: 行 6: 25924 段错误               (吐核)./main2 ../../../GData/mix_16.txt $i 45
job.sh:行19: ./result/6333_cosine_sort: 没有那个文件或目录
rm: 无法删除"./result/6333_cosine": 没有那个文件或目录
1 6316
not existed
finish reading
job.sh: 行 6: 25939 段错误               (吐核)./main2 ../../../GData/mix_16.txt $i 45
job.sh:行19: ./result/6316_cosine_sort: 没有那个文件或目录
rm: 无法删除"./result/6316_cosine": 没有那个文件或目录
1 6281
not existed
finish reading
job.sh: 行 6: 25946 段错误               (吐核)./main2 ../../../GData/mix_16.txt $i 45
job.sh:行19: ./result/6281_cosine_sort: 没有那个文件或目录
rm: 无法删除"./result/6281_cosine": 没有那个文件或目录
1 6273
not existed
finish reading
job.sh: 行 6: 25962 段错误               (吐核)./main2 ../../../GData/mix_16.txt $i 45
job.sh:行19: ./result/6273_cosine_sort: 没有那个文件或目录
rm: 无法删除"./result/6273_cosine": 没有那个文件或目录
1 6167
not existed
finish reading
job.sh: 行 6: 25982 段错误               (吐核)./main2 ../../../GData/mix_16.txt $i 45
job.sh:行19: ./result/6167_cosine_sort: 没有那个文件或目录
rm: 无法删除"./result/6167_cosine": 没有那个文件或目录
1 6151
not existed
finish reading
job.sh: 行 6: 25997 段错误               (吐核)./main2 ../../../GData/mix_16.txt $i 45
job.sh:行19: ./result/6151_cosine_sort: 没有那个文件或目录
rm: 无法删除"./result/6151_cosine": 没有那个文件或目录
1 5981
not existed
finish reading
job.sh: 行 6: 26014 段错误               (吐核)./main2 ../../../GData/mix_16.txt $i 45
job.sh:行19: ./result/5981_cosine_sort: 没有那个文件或目录
rm: 无法删除"./result/5981_cosine": 没有那个文件或目录
1 5715
not existed
finish reading
job.sh: 行 6: 26021 段错误               (吐核)./main2 ../../../GData/mix_16.txt $i 45
job.sh:行19: ./result/5715_cosine_sort: 没有那个文件或目录
rm: 无法删除"./result/5715_cosine": 没有那个文件或目录
1 5622
not existed
finish reading
job.sh: 行 6: 26037 段错误               (吐核)./main2 ../../../GData/mix_16.txt $i 45
job.sh:行19: ./result/5622_cosine_sort: 没有那个文件或目录
rm: 无法删除"./result/5622_cosine": 没有那个文件或目录
1 5583
not existed
finish reading
job.sh: 行 6: 26052 段错误               (吐核)./main2 ../../../GData/mix_16.txt $i 45
job.sh:行19: ./result/5583_cosine_sort: 没有那个文件或目录
rm: 无法删除"./result/5583_cosine": 没有那个文件或目录
1 5576
not existed
finish reading
job.sh: 行 6: 26068 段错误               (吐核)./main2 ../../../GData/mix_16.txt $i 45
job.sh:行19: ./result/5576_cosine_sort: 没有那个文件或目录
rm: 无法删除"./result/5576_cosine": 没有那个文件或目录
1 5473
not existed
finish reading
job.sh: 行 6: 26076 段错误               (吐核)./main2 ../../../GData/mix_16.txt $i 45
job.sh:行19: ./result/5473_cosine_sort: 没有那个文件或目录
rm: 无法删除"./result/5473_cosine": 没有那个文件或目录
1 5343
not existed
finish reading
job.sh: 行 6: 26093 段错误               (吐核)./main2 ../../../GData/mix_16.txt $i 45
job.sh:行19: ./result/5343_cosine_sort: 没有那个文件或目录
rm: 无法删除"./result/5343_cosine": 没有那个文件或目录
1 5113
not existed
finish reading
job.sh: 行 6: 26108 段错误               (吐核)./main2 ../../../GData/mix_16.txt $i 45
job.sh:行19: ./result/5113_cosine_sort: 没有那个文件或目录
rm: 无法删除"./result/5113_cosine": 没有那个文件或目录
1 5106
not existed
finish reading
job.sh: 行 6: 26124 段错误               (吐核)./main2 ../../../GData/mix_16.txt $i 45
job.sh:行19: ./result/5106_cosine_sort: 没有那个文件或目录
rm: 无法删除"./result/5106_cosine": 没有那个文件或目录
1 5042
not existed
finish reading
job.sh: 行 6: 26140 段错误               (吐核)./main2 ../../../GData/mix_16.txt $i 45
job.sh:行19: ./result/5042_cosine_sort: 没有那个文件或目录
rm: 无法删除"./result/5042_cosine": 没有那个文件或目录
1 4990
not existed
finish reading
job.sh: 行 6: 26148 段错误               (吐核)./main2 ../../../GData/mix_16.txt $i 45
job.sh:行19: ./result/4990_cosine_sort: 没有那个文件或目录
rm: 无法删除"./result/4990_cosine": 没有那个文件或目录
1 4972
not existed
finish reading
job.sh: 行 6: 26167 段错误               (吐核)./main2 ../../../GData/mix_16.txt $i 45
job.sh:行19: ./result/4972_cosine_sort: 没有那个文件或目录
rm: 无法删除"./result/4972_cosine": 没有那个文件或目录
1 4597
not existed
finish reading
job.sh: 行 6: 26182 段错误               (吐核)./main2 ../../../GData/mix_16.txt $i 45
job.sh:行19: ./result/4597_cosine_sort: 没有那个文件或目录
rm: 无法删除"./result/4597_cosine": 没有那个文件或目录
1 4570
not existed
finish reading
job.sh: 行 6: 26219 段错误               (吐核)./main2 ../../../GData/mix_16.txt $i 45
job.sh:行19: ./result/4570_cosine_sort: 没有那个文件或目录
rm: 无法删除"./result/4570_cosine": 没有那个文件或目录
1 4565
not existed
finish reading
job.sh: 行 6: 26227 段错误               (吐核)./main2 ../../../GData/mix_16.txt $i 45
job.sh:行19: ./result/4565_cosine_sort: 没有那个文件或目录
rm: 无法删除"./result/4565_cosine": 没有那个文件或目录
1 4547
not existed
finish reading
job.sh: 行 6: 26242 段错误               (吐核)./main2 ../../../GData/mix_16.txt $i 45
job.sh:行19: ./result/4547_cosine_sort: 没有那个文件或目录
rm: 无法删除"./result/4547_cosine": 没有那个文件或目录
1 4538
not existed
finish reading
job.sh: 行 6: 26258 段错误               (吐核)./main2 ../../../GData/mix_16.txt $i 45
job.sh:行19: ./result/4538_cosine_sort: 没有那个文件或目录
rm: 无法删除"./result/4538_cosine": 没有那个文件或目录
1 4502
not existed
finish reading
job.sh: 行 6: 26274 段错误               (吐核)./main2 ../../../GData/mix_16.txt $i 45
job.sh:行19: ./result/4502_cosine_sort: 没有那个文件或目录
rm: 无法删除"./result/4502_cosine": 没有那个文件或目录
1 4446
not existed
finish reading
job.sh: 行 6: 26290 段错误               (吐核)./main2 ../../../GData/mix_16.txt $i 45
job.sh:行19: ./result/4446_cosine_sort: 没有那个文件或目录
rm: 无法删除"./result/4446_cosine": 没有那个文件或目录
1 4409
not existed
finish reading
job.sh: 行 6: 26297 段错误               (吐核)./main2 ../../../GData/mix_16.txt $i 45
job.sh:行19: ./result/4409_cosine_sort: 没有那个文件或目录
rm: 无法删除"./result/4409_cosine": 没有那个文件或目录
1 4300
not existed
finish reading
job.sh: 行 6: 26314 段错误               (吐核)./main2 ../../../GData/mix_16.txt $i 45
job.sh:行19: ./result/4300_cosine_sort: 没有那个文件或目录
rm: 无法删除"./result/4300_cosine": 没有那个文件或目录
1 4297
not existed
finish reading
job.sh: 行 6: 26330 段错误               (吐核)./main2 ../../../GData/mix_16.txt $i 45
job.sh:行19: ./result/4297_cosine_sort: 没有那个文件或目录
rm: 无法删除"./result/4297_cosine": 没有那个文件或目录
1 4258
not existed
finish reading
job.sh: 行 6: 26346 段错误               (吐核)./main2 ../../../GData/mix_16.txt $i 45
job.sh:行19: ./result/4258_cosine_sort: 没有那个文件或目录
rm: 无法删除"./result/4258_cosine": 没有那个文件或目录
1 4242
not existed
finish reading
job.sh: 行 6: 26353 段错误               (吐核)./main2 ../../../GData/mix_16.txt $i 45
job.sh:行19: ./result/4242_cosine_sort: 没有那个文件或目录
rm: 无法删除"./result/4242_cosine": 没有那个文件或目录
1 4240
not existed
finish reading
job.sh: 行 6: 26372 段错误               (吐核)./main2 ../../../GData/mix_16.txt $i 45
job.sh:行19: ./result/4240_cosine_sort: 没有那个文件或目录
rm: 无法删除"./result/4240_cosine": 没有那个文件或目录
1 4175
not existed
finish reading
job.sh: 行 6: 26388 段错误               (吐核)./main2 ../../../GData/mix_16.txt $i 45
job.sh:行19: ./result/4175_cosine_sort: 没有那个文件或目录
rm: 无法删除"./result/4175_cosine": 没有那个文件或目录
1 4156
not existed
finish reading
job.sh: 行 6: 26405 段错误               (吐核)./main2 ../../../GData/mix_16.txt $i 45
job.sh:行19: ./result/4156_cosine_sort: 没有那个文件或目录
rm: 无法删除"./result/4156_cosine": 没有那个文件或目录
1 4060
not existed
finish reading
job.sh: 行 6: 26420 段错误               (吐核)./main2 ../../../GData/mix_16.txt $i 45
job.sh:行19: ./result/4060_cosine_sort: 没有那个文件或目录
rm: 无法删除"./result/4060_cosine": 没有那个文件或目录
1 4031
not existed
finish reading
job.sh: 行 6: 26428 段错误               (吐核)./main2 ../../../GData/mix_16.txt $i 45
job.sh:行19: ./result/4031_cosine_sort: 没有那个文件或目录
rm: 无法删除"./result/4031_cosine": 没有那个文件或目录
1 4023
not existed
finish reading
job.sh: 行 6: 26467 段错误               (吐核)./main2 ../../../GData/mix_16.txt $i 45
job.sh:行19: ./result/4023_cosine_sort: 没有那个文件或目录
rm: 无法删除"./result/4023_cosine": 没有那个文件或目录
1 3872
not existed
finish reading
job.sh: 行 6: 26499 段错误               (吐核)./main2 ../../../GData/mix_16.txt $i 45
job.sh:行19: ./result/3872_cosine_sort: 没有那个文件或目录
rm: 无法删除"./result/3872_cosine": 没有那个文件或目录
1 3847
not existed
finish reading
job.sh: 行 6: 26514 段错误               (吐核)./main2 ../../../GData/mix_16.txt $i 45
job.sh:行19: ./result/3847_cosine_sort: 没有那个文件或目录
rm: 无法删除"./result/3847_cosine": 没有那个文件或目录
1 3767
not existed
finish reading
job.sh: 行 6: 26530 段错误               (吐核)./main2 ../../../GData/mix_16.txt $i 45
job.sh:行19: ./result/3767_cosine_sort: 没有那个文件或目录
rm: 无法删除"./result/3767_cosine": 没有那个文件或目录
1 3727
not existed
finish reading
job.sh: 行 6: 26539 段错误               (吐核)./main2 ../../../GData/mix_16.txt $i 45
job.sh:行19: ./result/3727_cosine_sort: 没有那个文件或目录
rm: 无法删除"./result/3727_cosine": 没有那个文件或目录
1 3721
not existed
finish reading
job.sh: 行 6: 26555 段错误               (吐核)./main2 ../../../GData/mix_16.txt $i 45
job.sh:行19: ./result/3721_cosine_sort: 没有那个文件或目录
rm: 无法删除"./result/3721_cosine": 没有那个文件或目录
1 3545
not existed
finish reading
job.sh: 行 6: 26570 段错误               (吐核)./main2 ../../../GData/mix_16.txt $i 45
job.sh:行19: ./result/3545_cosine_sort: 没有那个文件或目录
rm: 无法删除"./result/3545_cosine": 没有那个文件或目录
1 3524
not existed
finish reading
job.sh: 行 6: 26586 段错误               (吐核)./main2 ../../../GData/mix_16.txt $i 45
job.sh:行19: ./result/3524_cosine_sort: 没有那个文件或目录
rm: 无法删除"./result/3524_cosine": 没有那个文件或目录
1 3485
not existed
finish reading
job.sh: 行 6: 26598 段错误               (吐核)./main2 ../../../GData/mix_16.txt $i 45
job.sh:行19: ./result/3485_cosine_sort: 没有那个文件或目录
rm: 无法删除"./result/3485_cosine": 没有那个文件或目录
1 3475
not existed
finish reading
job.sh: 行 6: 26613 段错误               (吐核)./main2 ../../../GData/mix_16.txt $i 45
job.sh:行19: ./result/3475_cosine_sort: 没有那个文件或目录
rm: 无法删除"./result/3475_cosine": 没有那个文件或目录
1 3450
not existed
finish reading
job.sh: 行 6: 26629 段错误               (吐核)./main2 ../../../GData/mix_16.txt $i 45
job.sh:行19: ./result/3450_cosine_sort: 没有那个文件或目录
rm: 无法删除"./result/3450_cosine": 没有那个文件或目录
1 3430
not existed
finish reading
job.sh: 行 6: 26645 段错误               (吐核)./main2 ../../../GData/mix_16.txt $i 45
job.sh:行19: ./result/3430_cosine_sort: 没有那个文件或目录
rm: 无法删除"./result/3430_cosine": 没有那个文件或目录
1 3429
not existed
finish reading
job.sh: 行 6: 26653 段错误               (吐核)./main2 ../../../GData/mix_16.txt $i 45
job.sh:行19: ./result/3429_cosine_sort: 没有那个文件或目录
rm: 无法删除"./result/3429_cosine": 没有那个文件或目录
1 3428
not existed
finish reading
job.sh: 行 6: 26668 段错误               (吐核)./main2 ../../../GData/mix_16.txt $i 45
job.sh:行19: ./result/3428_cosine_sort: 没有那个文件或目录
rm: 无法删除"./result/3428_cosine": 没有那个文件或目录
1 3426
not existed
finish reading
job.sh: 行 6: 26684 段错误               (吐核)./main2 ../../../GData/mix_16.txt $i 45
job.sh:行19: ./result/3426_cosine_sort: 没有那个文件或目录
rm: 无法删除"./result/3426_cosine": 没有那个文件或目录
1 3425
not existed
finish reading
job.sh: 行 6: 26700 段错误               (吐核)./main2 ../../../GData/mix_16.txt $i 45
job.sh:行19: ./result/3425_cosine_sort: 没有那个文件或目录
rm: 无法删除"./result/3425_cosine": 没有那个文件或目录
1 3424
not existed
finish reading
job.sh: 行 6: 26716 段错误               (吐核)./main2 ../../../GData/mix_16.txt $i 45
job.sh:行19: ./result/3424_cosine_sort: 没有那个文件或目录
rm: 无法删除"./result/3424_cosine": 没有那个文件或目录
1 3423
not existed
finish reading
job.sh: 行 6: 26725 段错误               (吐核)./main2 ../../../GData/mix_16.txt $i 45
job.sh:行19: ./result/3423_cosine_sort: 没有那个文件或目录
rm: 无法删除"./result/3423_cosine": 没有那个文件或目录
1 3398
not existed
finish reading
job.sh: 行 6: 26741 段错误               (吐核)./main2 ../../../GData/mix_16.txt $i 45
job.sh:行19: ./result/3398_cosine_sort: 没有那个文件或目录
rm: 无法删除"./result/3398_cosine": 没有那个文件或目录
1 3271
not existed
finish reading
job.sh: 行 6: 26757 段错误               (吐核)./main2 ../../../GData/mix_16.txt $i 45
job.sh:行19: ./result/3271_cosine_sort: 没有那个文件或目录
rm: 无法删除"./result/3271_cosine": 没有那个文件或目录
1 3202
not existed
finish reading
job.sh: 行 6: 26773 段错误               (吐核)./main2 ../../../GData/mix_16.txt $i 45
job.sh:行19: ./result/3202_cosine_sort: 没有那个文件或目录
rm: 无法删除"./result/3202_cosine": 没有那个文件或目录
1 3073
not existed
finish reading
job.sh: 行 6: 26786 段错误               (吐核)./main2 ../../../GData/mix_16.txt $i 45
job.sh:行19: ./result/3073_cosine_sort: 没有那个文件或目录
rm: 无法删除"./result/3073_cosine": 没有那个文件或目录
1 3056
not existed
finish reading
job.sh: 行 6: 26803 段错误               (吐核)./main2 ../../../GData/mix_16.txt $i 45
job.sh:行19: ./result/3056_cosine_sort: 没有那个文件或目录
rm: 无法删除"./result/3056_cosine": 没有那个文件或目录
1 3048
not existed
finish reading
job.sh: 行 6: 26821 段错误               (吐核)./main2 ../../../GData/mix_16.txt $i 45
job.sh:行19: ./result/3048_cosine_sort: 没有那个文件或目录
rm: 无法删除"./result/3048_cosine": 没有那个文件或目录
1 3008
not existed
finish reading
job.sh: 行 6: 26837 段错误               (吐核)./main2 ../../../GData/mix_16.txt $i 45
job.sh:行19: ./result/3008_cosine_sort: 没有那个文件或目录
rm: 无法删除"./result/3008_cosine": 没有那个文件或目录
1 2811
not existed
finish reading
job.sh: 行 6: 26852 段错误               (吐核)./main2 ../../../GData/mix_16.txt $i 45
job.sh:行19: ./result/2811_cosine_sort: 没有那个文件或目录
rm: 无法删除"./result/2811_cosine": 没有那个文件或目录
1 2810
not existed
finish reading
job.sh: 行 6: 26860 段错误               (吐核)./main2 ../../../GData/mix_16.txt $i 45
job.sh:行19: ./result/2810_cosine_sort: 没有那个文件或目录
rm: 无法删除"./result/2810_cosine": 没有那个文件或目录
1 2542
not existed
finish reading
job.sh: 行 6: 26876 段错误               (吐核)./main2 ../../../GData/mix_16.txt $i 45
job.sh:行19: ./result/2542_cosine_sort: 没有那个文件或目录
rm: 无法删除"./result/2542_cosine": 没有那个文件或目录
1 2452
not existed
finish reading
job.sh: 行 6: 26891 段错误               (吐核)./main2 ../../../GData/mix_16.txt $i 45
job.sh:行19: ./result/2452_cosine_sort: 没有那个文件或目录
rm: 无法删除"./result/2452_cosine": 没有那个文件或目录
1 2444
not existed
finish reading
job.sh: 行 6: 26908 段错误               (吐核)./main2 ../../../GData/mix_16.txt $i 45
job.sh:行19: ./result/2444_cosine_sort: 没有那个文件或目录
rm: 无法删除"./result/2444_cosine": 没有那个文件或目录
1 2440
not existed
finish reading
job.sh: 行 6: 26916 段错误               (吐核)./main2 ../../../GData/mix_16.txt $i 45
job.sh:行19: ./result/2440_cosine_sort: 没有那个文件或目录
rm: 无法删除"./result/2440_cosine": 没有那个文件或目录
1 2438
not existed
finish reading
job.sh: 行 6: 26932 段错误               (吐核)./main2 ../../../GData/mix_16.txt $i 45
job.sh:行19: ./result/2438_cosine_sort: 没有那个文件或目录
rm: 无法删除"./result/2438_cosine": 没有那个文件或目录
1 2436
not existed
finish reading
job.sh: 行 6: 26947 段错误               (吐核)./main2 ../../../GData/mix_16.txt $i 45
job.sh:行19: ./result/2436_cosine_sort: 没有那个文件或目录
rm: 无法删除"./result/2436_cosine": 没有那个文件或目录
1 2418
not existed
finish reading
job.sh: 行 6: 26963 段错误               (吐核)./main2 ../../../GData/mix_16.txt $i 45
job.sh:行19: ./result/2418_cosine_sort: 没有那个文件或目录
rm: 无法删除"./result/2418_cosine": 没有那个文件或目录
1 2412
not existed
finish reading
job.sh: 行 6: 26984 段错误               (吐核)./main2 ../../../GData/mix_16.txt $i 45
job.sh:行19: ./result/2412_cosine_sort: 没有那个文件或目录
rm: 无法删除"./result/2412_cosine": 没有那个文件或目录
1 2411
not existed
finish reading
job.sh: 行 6: 26993 段错误               (吐核)./main2 ../../../GData/mix_16.txt $i 45
job.sh:行19: ./result/2411_cosine_sort: 没有那个文件或目录
rm: 无法删除"./result/2411_cosine": 没有那个文件或目录
1 2408
not existed
finish reading
job.sh: 行 6: 27008 段错误               (吐核)./main2 ../../../GData/mix_16.txt $i 45
job.sh:行19: ./result/2408_cosine_sort: 没有那个文件或目录
rm: 无法删除"./result/2408_cosine": 没有那个文件或目录
1 2376
not existed
finish reading
job.sh: 行 6: 27024 段错误               (吐核)./main2 ../../../GData/mix_16.txt $i 45
job.sh:行19: ./result/2376_cosine_sort: 没有那个文件或目录
rm: 无法删除"./result/2376_cosine": 没有那个文件或目录
1 2334
not existed
finish reading
job.sh: 行 6: 27040 段错误               (吐核)./main2 ../../../GData/mix_16.txt $i 45
job.sh:行19: ./result/2334_cosine_sort: 没有那个文件或目录
rm: 无法删除"./result/2334_cosine": 没有那个文件或目录
1 2273
not existed
finish reading
job.sh: 行 6: 27048 段错误               (吐核)./main2 ../../../GData/mix_16.txt $i 45
job.sh:行19: ./result/2273_cosine_sort: 没有那个文件或目录
rm: 无法删除"./result/2273_cosine": 没有那个文件或目录
1 2271
not existed
finish reading
job.sh: 行 6: 27063 段错误               (吐核)./main2 ../../../GData/mix_16.txt $i 45
job.sh:行19: ./result/2271_cosine_sort: 没有那个文件或目录
rm: 无法删除"./result/2271_cosine": 没有那个文件或目录
1 2187
not existed
finish reading
job.sh: 行 6: 27079 段错误               (吐核)./main2 ../../../GData/mix_16.txt $i 45
job.sh:行19: ./result/2187_cosine_sort: 没有那个文件或目录
rm: 无法删除"./result/2187_cosine": 没有那个文件或目录
1 1155
not existed
finish reading
job.sh: 行 6: 27097 段错误               (吐核)./main2 ../../../GData/mix_16.txt $i 45
job.sh:行19: ./result/1155_cosine_sort: 没有那个文件或目录
rm: 无法删除"./result/1155_cosine": 没有那个文件或目录
1 1068
not existed
finish reading
job.sh: 行 6: 27113 段错误               (吐核)./main2 ../../../GData/mix_16.txt $i 45
job.sh:行19: ./result/1068_cosine_sort: 没有那个文件或目录
rm: 无法删除"./result/1068_cosine": 没有那个文件或目录
1 1033
not existed
finish reading
job.sh: 行 6: 27120 段错误               (吐核)./main2 ../../../GData/mix_16.txt $i 45
job.sh:行19: ./result/1033_cosine_sort: 没有那个文件或目录
rm: 无法删除"./result/1033_cosine": 没有那个文件或目录
1 1027
not existed
finish reading
job.sh: 行 6: 27136 段错误               (吐核)./main2 ../../../GData/mix_16.txt $i 45
job.sh:行19: ./result/1027_cosine_sort: 没有那个文件或目录
rm: 无法删除"./result/1027_cosine": 没有那个文件或目录
1 1021
not existed
finish reading
job.sh: 行 6: 27152 段错误               (吐核)./main2 ../../../GData/mix_16.txt $i 45
job.sh:行19: ./result/1021_cosine_sort: 没有那个文件或目录
rm: 无法删除"./result/1021_cosine": 没有那个文件或目录
1 1016
not existed
finish reading
job.sh: 行 6: 27172 段错误               (吐核)./main2 ../../../GData/mix_16.txt $i 45
job.sh:行19: ./result/1016_cosine_sort: 没有那个文件或目录
rm: 无法删除"./result/1016_cosine": 没有那个文件或目录
1 924
not existed
finish reading
job.sh: 行 6: 27179 段错误               (吐核)./main2 ../../../GData/mix_16.txt $i 45
job.sh:行19: ./result/924_cosine_sort: 没有那个文件或目录
rm: 无法删除"./result/924_cosine": 没有那个文件或目录
1 917
not existed
finish reading
job.sh: 行 6: 27196 段错误               (吐核)./main2 ../../../GData/mix_16.txt $i 45
job.sh:行19: ./result/917_cosine_sort: 没有那个文件或目录
rm: 无法删除"./result/917_cosine": 没有那个文件或目录
1 857
not existed
finish reading
job.sh: 行 6: 27212 段错误               (吐核)./main2 ../../../GData/mix_16.txt $i 45
job.sh:行19: ./result/857_cosine_sort: 没有那个文件或目录
rm: 无法删除"./result/857_cosine": 没有那个文件或目录
1 856
not existed
finish reading
job.sh: 行 6: 27228 段错误               (吐核)./main2 ../../../GData/mix_16.txt $i 45
job.sh:行19: ./result/856_cosine_sort: 没有那个文件或目录
rm: 无法删除"./result/856_cosine": 没有那个文件或目录
1 824
not existed
finish reading
job.sh: 行 6: 27243 段错误               (吐核)./main2 ../../../GData/mix_16.txt $i 45
job.sh:行19: ./result/824_cosine_sort: 没有那个文件或目录
rm: 无法删除"./result/824_cosine": 没有那个文件或目录
1 680
not existed
finish reading
job.sh: 行 6: 27251 段错误               (吐核)./main2 ../../../GData/mix_16.txt $i 45
job.sh:行19: ./result/680_cosine_sort: 没有那个文件或目录
rm: 无法删除"./result/680_cosine": 没有那个文件或目录
1 604
not existed
finish reading
job.sh: 行 6: 27267 段错误               (吐核)./main2 ../../../GData/mix_16.txt $i 45
job.sh:行19: ./result/604_cosine_sort: 没有那个文件或目录
rm: 无法删除"./result/604_cosine": 没有那个文件或目录
1 575
not existed
finish reading
job.sh: 行 6: 27283 段错误               (吐核)./main2 ../../../GData/mix_16.txt $i 45
job.sh:行19: ./result/575_cosine_sort: 没有那个文件或目录
rm: 无法删除"./result/575_cosine": 没有那个文件或目录
1 567
not existed
finish reading
job.sh: 行 6: 27298 段错误               (吐核)./main2 ../../../GData/mix_16.txt $i 45
job.sh:行19: ./result/567_cosine_sort: 没有那个文件或目录
rm: 无法删除"./result/567_cosine": 没有那个文件或目录
1 416
not existed
finish reading
job.sh: 行 6: 27315 段错误               (吐核)./main2 ../../../GData/mix_16.txt $i 45
job.sh:行19: ./result/416_cosine_sort: 没有那个文件或目录
rm: 无法删除"./result/416_cosine": 没有那个文件或目录
1 391
not existed
finish reading
job.sh: 行 6: 27323 段错误               (吐核)./main2 ../../../GData/mix_16.txt $i 45
job.sh:行19: ./result/391_cosine_sort: 没有那个文件或目录
rm: 无法删除"./result/391_cosine": 没有那个文件或目录
1 311
not existed
finish reading
job.sh: 行 6: 27344 段错误               (吐核)./main2 ../../../GData/mix_16.txt $i 45
job.sh:行19: ./result/311_cosine_sort: 没有那个文件或目录
rm: 无法删除"./result/311_cosine": 没有那个文件或目录
1 271
not existed
finish reading
job.sh: 行 6: 27359 段错误               (吐核)./main2 ../../../GData/mix_16.txt $i 45
job.sh:行19: ./result/271_cosine_sort: 没有那个文件或目录
rm: 无法删除"./result/271_cosine": 没有那个文件或目录
1 265
not existed
finish reading
job.sh: 行 6: 27394 段错误               (吐核)./main2 ../../../GData/mix_16.txt $i 45
job.sh:行19: ./result/265_cosine_sort: 没有那个文件或目录
rm: 无法删除"./result/265_cosine": 没有那个文件或目录
1 89
not existed
finish reading
job.sh: 行 6: 27402 段错误               (吐核)./main2 ../../../GData/mix_16.txt $i 45
job.sh:行19: ./result/89_cosine_sort: 没有那个文件或目录
rm: 无法删除"./result/89_cosine": 没有那个文件或目录
