./result/010
new20070804033032.plt
Matching succeed!
./result/010/new20070804033032.plt
010/new20070804033032.plt
./result/010
new20070804155303.plt
****************************************Matching Failed!
./result/010
new20070805070503.plt
****************************************Matching Failed!
./result/010
new20070828171302.plt
Matching succeed!
./result/010/new20070828171302.plt
010/new20070828171302.plt
./result/010
new20070830203928.plt
****************************************Matching Failed!
./result/010
new20070901022340.plt
Matching succeed!
./result/010/new20070901022340.plt
010/new20070901022340.plt
./result/010
new20070903095208.plt
Matching succeed!
./result/010/new20070903095208.plt
010/new20070903095208.plt
./result/010
new20070905163053.plt
Matching succeed!
./result/010/new20070905163053.plt
010/new20070905163053.plt
./result/010
new20070906204521.plt
Matching succeed!
./result/010/new20070906204521.plt
010/new20070906204521.plt
./result/010
new20070907075003.plt
Matching succeed!
./result/010/new20070907075003.plt
010/new20070907075003.plt
./result/010
new20070908081710.plt
Matching succeed!
./result/010/new20070908081710.plt
010/new20070908081710.plt
./result/010
new20070910074631.plt
Matching succeed!
./result/010/new20070910074631.plt
010/new20070910074631.plt
./result/010
new20070910204430.plt
Matching succeed!
./result/010/new20070910204430.plt
010/new20070910204430.plt
./result/010
new20070919121546.plt
****************************************Matching Failed!
./result/010
new20070919122147.plt
Matching succeed!
./result/010/new20070919122147.plt
010/new20070919122147.plt
./result/010
new20070920074804.plt
****************************************Matching Failed!
./result/010
new20070921120306.plt
****************************************Matching Failed!
./result/010
new20070922145432.plt
****************************************Matching Failed!
./result/010
new20070923144426.plt
****************************************Matching Failed!
./result/010
new20071014161216.plt
Matching succeed!
./result/010/new20071014161216.plt
010/new20071014161216.plt
./result/010
new20071017220238.plt
Matching succeed!
./result/010/new20071017220238.plt
010/new20071017220238.plt
./result/010
new20071019055858.plt
Matching succeed!
./result/010/new20071019055858.plt
010/new20071019055858.plt
./result/010
new20071020030002.plt
****************************************Matching Failed!
./result/010
new20071021110759.plt
Matching succeed!
./result/010/new20071021110759.plt
010/new20071021110759.plt
./result/010
new20071023200800.plt
****************************************Matching Failed!
./result/010
new20071024084732.plt
****************************************Matching Failed!
./result/010
new20071025110456.plt
****************************************Matching Failed!
./result/010
new20071026213100.plt
****************************************Matching Failed!
./result/010
new20071026214019.plt
****************************************Matching Failed!
./result/010
new20071029075850.plt
****************************************Matching Failed!
./result/010
new20071117170827.plt
****************************************Matching Failed!
./result/010
new20071214175547.plt
Matching succeed!
./result/010/new20071214175547.plt
010/new20071214175547.plt
./result/010
new20071228075610.plt
Matching succeed!
./result/010/new20071228075610.plt
010/new20071228075610.plt
./result/010
new20071228190036.plt
****************************************Matching Failed!
./result/010
new20071229083859.plt
****************************************Matching Failed!
./result/010
new20071230073845.plt
****************************************Matching Failed!
./result/010
new20071231060928.plt
****************************************Matching Failed!
./result/010
new20071231130809.plt
****************************************Matching Failed!
./result/010
new20071231170243.plt
****************************************Matching Failed!
./result/010
new20080328144824.plt
Matching succeed!
./result/010/new20080328144824.plt
010/new20080328144824.plt
./result/010
new20080328160001.plt
****************************************Matching Failed!
./result/010
new20080329160048.plt
****************************************Matching Failed!
./result/010
new20080330004134.plt
****************************************Matching Failed!
./result/010
new20080330160039.plt
****************************************Matching Failed!
./result/010
new20080331160008.plt
****************************************Matching Failed!
./result/010
new20080402060926.plt
****************************************Matching Failed!
./result/010
new20080403010747.plt
****************************************Matching Failed!
./result/010
new20080403160000.plt
****************************************Matching Failed!
./result/010
new20080404160004.plt
****************************************Matching Failed!
./result/010
new20080405112758.plt
****************************************Matching Failed!
./result/010
new20080405160011.plt
Matching succeed!
./result/010/new20080405160011.plt
010/new20080405160011.plt
./result/010
new20080518072454.plt
****************************************Matching Failed!
./result/010
new20080519055003.plt
****************************************Matching Failed!
./result/010
new20080613211847.plt
****************************************Matching Failed!
./result/010
new20080615221713.plt
****************************************Matching Failed!
./result/010
new20080617094444.plt
Matching succeed!
./result/010/new20080617094444.plt
010/new20080617094444.plt
./result/010
new20080618003409.plt
Matching succeed!
./result/010/new20080618003409.plt
010/new20080618003409.plt
./result/010
new20080618121033.plt
Matching succeed!
./result/010/new20080618121033.plt
010/new20080618121033.plt
./result/010
new20080618160000.plt
Matching succeed!
./result/010/new20080618160000.plt
010/new20080618160000.plt
./result/010
new20080619100408.plt
****************************************Matching Failed!
./result/010
new20080619160000.plt
****************************************Matching Failed!
./result/010
new20080628071359.plt
****************************************Matching Failed!
./result/010
new20080628160827.plt
****************************************Matching Failed!
./result/010
new20080801023537.plt
Matching succeed!
./result/010/new20080801023537.plt
010/new20080801023537.plt
./result/010
new20080915231738.plt
Matching succeed!
./result/010/new20080915231738.plt
010/new20080915231738.plt
./result/010
new20080916114237.plt
Matching succeed!
./result/010/new20080916114237.plt
010/new20080916114237.plt
./result/010
new20080916221234.plt
Matching succeed!
./result/010/new20080916221234.plt
010/new20080916221234.plt
./result/010
new20080917101511.plt
Matching succeed!
./result/010/new20080917101511.plt
010/new20080917101511.plt
./result/010
new20080917225654.plt
Matching succeed!
./result/010/new20080917225654.plt
010/new20080917225654.plt
./result/010
new20080918104339.plt
Matching succeed!
./result/010/new20080918104339.plt
010/new20080918104339.plt
./result/010
new20080918234508.plt
****************************************Matching Failed!
./result/010
new20080919000927.plt
Matching succeed!
./result/010/new20080919000927.plt
010/new20080919000927.plt
./result/010
new20080919104235.plt
Matching succeed!
./result/010/new20080919104235.plt
010/new20080919104235.plt
./result/010
new20080921222520.plt
****************************************Matching Failed!
./result/010
new20080921224934.plt
Matching succeed!
./result/010/new20080921224934.plt
010/new20080921224934.plt
./result/010
new20080922111517.plt
Matching succeed!
./result/010/new20080922111517.plt
010/new20080922111517.plt
./result/010
new20080922232608.plt
****************************************Matching Failed!
./result/010
new20080922234926.plt
Matching succeed!
./result/010/new20080922234926.plt
010/new20080922234926.plt
./result/010
new20080923121817.plt
Matching succeed!
./result/010/new20080923121817.plt
010/new20080923121817.plt
./result/010
new20080923231456.plt
Matching succeed!
./result/010/new20080923231456.plt
010/new20080923231456.plt
./result/010
new20080924113459.plt
Matching succeed!
./result/010/new20080924113459.plt
010/new20080924113459.plt
./result/010
new20080924231334.plt
Matching succeed!
./result/010/new20080924231334.plt
010/new20080924231334.plt
./result/010
new20080925104204.plt
Matching succeed!
./result/010/new20080925104204.plt
010/new20080925104204.plt
./result/010
new20080925231112.plt
****************************************Matching Failed!
./result/010
new20080925233430.plt
Matching succeed!
./result/010/new20080925233430.plt
010/new20080925233430.plt
./result/010
new20080926105402.plt
Matching succeed!
./result/010/new20080926105402.plt
010/new20080926105402.plt
./result/010
new20080926232550.plt
****************************************Matching Failed!
./result/010
new20080926234138.plt
Matching succeed!
./result/010/new20080926234138.plt
010/new20080926234138.plt
./result/010
new20080927114213.plt
Matching succeed!
./result/010/new20080927114213.plt
010/new20080927114213.plt
./result/010
new20080927232235.plt
Matching succeed!
./result/010/new20080927232235.plt
010/new20080927232235.plt
./result/010
new20080928120641.plt
Matching succeed!
./result/010/new20080928120641.plt
010/new20080928120641.plt
./result/010
new20080928160000.plt
****************************************Matching Failed!
./result/010
new20080929160000.plt
****************************************Matching Failed!
./result/010
new20080930203247.plt
****************************************Matching Failed!
./result/010
new20081001230824.plt
****************************************Matching Failed!
./result/010
new20081002160000.plt
Matching succeed!
./result/010/new20081002160000.plt
010/new20081002160000.plt
./result/010
new20081003152516.plt
Matching succeed!
./result/010/new20081003152516.plt
010/new20081003152516.plt
./result/010
new20081003221227.plt
****************************************Matching Failed!
./result/010
new20081005225112.plt
Matching succeed!
./result/010/new20081005225112.plt
010/new20081005225112.plt
./result/010
new20081006110114.plt
Matching succeed!
./result/010/new20081006110114.plt
010/new20081006110114.plt
./result/010
new20081006232840.plt
****************************************Matching Failed!
./result/010
new20081006234930.plt
Matching succeed!
./result/010/new20081006234930.plt
010/new20081006234930.plt
./result/010
new20081007102112.plt
Matching succeed!
./result/010/new20081007102112.plt
010/new20081007102112.plt
./result/010
new20081007231655.plt
Matching succeed!
./result/010/new20081007231655.plt
010/new20081007231655.plt
./result/010
new20081008105051.plt
Matching succeed!
./result/010/new20081008105051.plt
010/new20081008105051.plt
./result/010
new20081008231209.plt
Matching succeed!
./result/010/new20081008231209.plt
010/new20081008231209.plt
./result/010
new20081009110709.plt
Matching succeed!
./result/010/new20081009110709.plt
010/new20081009110709.plt
./result/010
new20081009224923.plt
Matching succeed!
./result/010/new20081009224923.plt
010/new20081009224923.plt
./result/010
new20081010103335.plt
Matching succeed!
./result/010/new20081010103335.plt
010/new20081010103335.plt
./result/010
new20081012224836.plt
Matching succeed!
./result/010/new20081012224836.plt
010/new20081012224836.plt
./result/010
new20081013104428.plt
Matching succeed!
./result/010/new20081013104428.plt
010/new20081013104428.plt
./result/010
new20081013230418.plt
Matching succeed!
./result/010/new20081013230418.plt
010/new20081013230418.plt
./result/010
new20081014114737.plt
Matching succeed!
./result/010/new20081014114737.plt
010/new20081014114737.plt
./result/010
new20081015005143.plt
Matching succeed!
./result/010/new20081015005143.plt
010/new20081015005143.plt
./result/010
new20081015111010.plt
Matching succeed!
./result/010/new20081015111010.plt
010/new20081015111010.plt
./result/010
new20081015232937.plt
****************************************Matching Failed!
./result/010
new20081015234917.plt
Matching succeed!
./result/010/new20081015234917.plt
010/new20081015234917.plt
./result/010
new20081016110447.plt
Matching succeed!
./result/010/new20081016110447.plt
010/new20081016110447.plt
./result/010
new20081016224935.plt
Matching succeed!
./result/010/new20081016224935.plt
010/new20081016224935.plt
./result/010
new20081017112840.plt
Matching succeed!
./result/010/new20081017112840.plt
010/new20081017112840.plt
./result/010
new20081018120606.plt
****************************************Matching Failed!
./result/010
new20081019222847.plt
Matching succeed!
./result/010/new20081019222847.plt
010/new20081019222847.plt
./result/010
new20081020114150.plt
Matching succeed!
./result/010/new20081020114150.plt
010/new20081020114150.plt
./result/010
new20081021004622.plt
Matching succeed!
./result/010/new20081021004622.plt
010/new20081021004622.plt
./result/010
new20081031101923.plt
Matching succeed!
./result/010/new20081031101923.plt
010/new20081031101923.plt
./result/010
new20081101040025.plt
****************************************Matching Failed!
./result/010
new20081101042408.plt
Matching succeed!
./result/010/new20081101042408.plt
010/new20081101042408.plt
./result/010
new20081104101900.plt
Matching succeed!
./result/010/new20081104101900.plt
010/new20081104101900.plt
./result/010
new20081106102334.plt
Matching succeed!
./result/010/new20081106102334.plt
010/new20081106102334.plt
./result/010
new20081106225500.plt
****************************************Matching Failed!
./result/010
new20081106231922.plt
Matching succeed!
./result/010/new20081106231922.plt
010/new20081106231922.plt
./result/010
new20081108094106.plt
Matching succeed!
./result/010/new20081108094106.plt
010/new20081108094106.plt
./result/010
new20081201003431.plt
Matching succeed!
./result/010/new20081201003431.plt
010/new20081201003431.plt
./result/010
new20081206041700.plt
Matching succeed!
./result/010/new20081206041700.plt
010/new20081206041700.plt
./result/010
new20081207101046.plt
Matching succeed!
./result/010/new20081207101046.plt
010/new20081207101046.plt
./result/010
new20081212112655.plt
Matching succeed!
./result/010/new20081212112655.plt
010/new20081212112655.plt
./result/010
new20081213022402.plt
Matching succeed!
./result/010/new20081213022402.plt
010/new20081213022402.plt
./result/010
new20081219114010.plt
Matching succeed!
./result/010/new20081219114010.plt
010/new20081219114010.plt
./result/010
new20081223103302.plt
Matching succeed!
./result/010/new20081223103302.plt
010/new20081223103302.plt
./result/010
new20081223230455.plt
Matching succeed!
./result/010/new20081223230455.plt
010/new20081223230455.plt
./result/010
new20081224011945.plt
Matching succeed!
./result/010/new20081224011945.plt
010/new20081224011945.plt
./result/010
new20081227062809.plt
Matching succeed!
./result/010/new20081227062809.plt
010/new20081227062809.plt
./result/010
new20081231135628.plt
Matching succeed!
./result/010/new20081231135628.plt
010/new20081231135628.plt
./result/010
new20081231180207.plt
****************************************Matching Failed!
./result/010
new20090103141908.plt
Matching succeed!
./result/010/new20090103141908.plt
010/new20090103141908.plt
./result/010
new20090109135227.plt
Matching succeed!
./result/010/new20090109135227.plt
010/new20090109135227.plt
./result/010
new20090111134853.plt
Matching succeed!
./result/010/new20090111134853.plt
010/new20090111134853.plt
./result/010
new20090113065130.plt
Matching succeed!
./result/010/new20090113065130.plt
010/new20090113065130.plt
./result/010
new20090114045806.plt
Matching succeed!
./result/010/new20090114045806.plt
010/new20090114045806.plt
./result/010
new20090116013541.plt
Matching succeed!
./result/010/new20090116013541.plt
010/new20090116013541.plt
./result/010
new20090124070806.plt
Matching succeed!
./result/010/new20090124070806.plt
010/new20090124070806.plt
./result/010
new20090131215038.plt
Matching succeed!
./result/010/new20090131215038.plt
010/new20090131215038.plt
./result/010
new20090207081853.plt
Matching succeed!
./result/010/new20090207081853.plt
010/new20090207081853.plt
./result/010
new20090208231840.plt
Matching succeed!
./result/010/new20090208231840.plt
010/new20090208231840.plt
./result/010
new20090213101841.plt
Matching succeed!
./result/010/new20090213101841.plt
010/new20090213101841.plt
./result/010
new20090214022413.plt
Matching succeed!
./result/010/new20090214022413.plt
010/new20090214022413.plt
./result/010
new20090227210324.plt
Matching succeed!
./result/010/new20090227210324.plt
010/new20090227210324.plt
./result/010
new20090301131323.plt
Matching succeed!
./result/010/new20090301131323.plt
010/new20090301131323.plt
./result/010
new20090307044707.plt
Matching succeed!
./result/010/new20090307044707.plt
010/new20090307044707.plt
./result/010
new20090315093133.plt
Matching succeed!
./result/010/new20090315093133.plt
010/new20090315093133.plt
./result/010
new20090321032156.plt
Matching succeed!
./result/010/new20090321032156.plt
010/new20090321032156.plt
./result/011
new20080926104408.plt
